2025-08-12 18:13:01,442 - INFO - Logging has been configured at C:\Users\WBowl\Documents\Work\3D Printer Linear Motor\BlueFin\sim_and_opt\bluefin.log
2025-08-12 18:13:44,229 - INFO - Logging has been configured at C:\Users\WBowl\Documents\Work\3D Printer Linear Motor\BlueFin\sim_and_opt\bluefin.log
2025-08-12 18:13:44,420 - CRITICAL - FEMM setup failed (axi): 'int' object is not callable
2025-08-12 18:14:11,518 - INFO - Logging has been configured at C:\Users\WBowl\Documents\Work\3D Printer Linear Motor\BlueFin\sim_and_opt\bluefin.log
2025-08-12 18:14:11,692 - CRITICAL - FEMM setup failed (axi): 'int' object is not callable
2025-08-12 18:14:43,803 - INFO - Logging has been configured at C:\Users\WBowl\Documents\Work\3D Printer Linear Motor\BlueFin\sim_and_opt\bluefin.log
2025-08-12 18:14:44,014 - WARNING - New slot length is 18.91336701231432
2025-08-12 18:15:30,921 - INFO - Logging has been configured at C:\Users\WBowl\Documents\Work\3D Printer Linear Motor\BlueFin\sim_and_opt\bluefin.log
2025-08-12 18:15:31,096 - WARNING - New slot length is 8.790030928429495
2025-08-12 18:15:31,276 - INFO - Successfully saved output to Results/force_random_search_results.json
2025-08-12 18:15:31,276 - INFO - Starting phase alignment for <model.motor.Tubular object at 0x0000024013BEFE00>
2025-08-12 18:16:02,560 - INFO - Phase alignment completed for <model.motor.Tubular object at 0x0000024013BEFE00>
2025-08-12 18:16:02,561 - INFO - Starting rotational analysis for <model.motor.Tubular object at 0x0000024013BEFE00>
2025-08-12 18:18:17,020 - INFO - Logging has been configured at C:\Users\WBowl\Documents\Work\3D Printer Linear Motor\BlueFin\sim_and_opt\bluefin.log
2025-08-12 18:18:17,219 - WARNING - New slot length is 13.099010446946126
2025-08-12 18:18:17,404 - INFO - Successfully saved output to Results/force_random_search_results.json
2025-08-12 18:18:17,404 - INFO - Starting phase alignment for <model.motor.Tubular object at 0x0000024033C93CB0>
2025-08-12 18:18:34,915 - INFO - Phase alignment completed for <model.motor.Tubular object at 0x0000024033C93CB0>
2025-08-12 18:18:34,915 - INFO - Starting rotational analysis for <model.motor.Tubular object at 0x0000024033C93CB0>
2025-08-12 18:20:02,500 - INFO - Logging has been configured at C:\Users\WBowl\Documents\Work\3D Printer Linear Motor\BlueFin\sim_and_opt\bluefin.log
2025-08-12 18:20:02,696 - WARNING - compute_geometry: max iterations reached without convergence
2025-08-12 18:20:02,696 - INFO - Adjusted slot_axial_length: -383.860151 mm
2025-08-12 18:20:02,696 - ERROR - All dimensions must be positive and non-zero.
2025-08-12 18:20:02,696 - CRITICAL - FEMM setup failed (axi): All dimensions must be positive and non-zero.
2025-08-12 18:22:47,301 - INFO - Logging has been configured at C:\Users\WBowl\Documents\Work\3D Printer Linear Motor\BlueFin\sim_and_opt\bluefin.log
2025-08-12 18:22:47,508 - WARNING - New slot length is 18.005393325557037
2025-08-12 18:22:47,700 - INFO - Successfully saved output to Results/force_random_search_results.json
2025-08-12 18:22:47,700 - INFO - Starting phase alignment for <model.motor.Tubular object at 0x000001B0B08F3CB0>
2025-08-12 18:23:04,274 - INFO - Phase alignment completed for <model.motor.Tubular object at 0x000001B0B08F3CB0>
2025-08-12 18:23:04,274 - INFO - Starting rotational analysis for <model.motor.Tubular object at 0x000001B0B08F3CB0>
2025-08-12 18:23:55,717 - INFO - Logging has been configured at C:\Users\WBowl\Documents\Work\3D Printer Linear Motor\BlueFin\sim_and_opt\bluefin.log
2025-08-12 18:23:55,882 - WARNING - New slot length is 4.029166666666667
2025-08-12 18:23:56,060 - INFO - Starting phase alignment for <model.motor.Tubular object at 0x000001F0BA68EA50>
2025-08-12 18:24:19,459 - INFO - Logging has been configured at C:\Users\WBowl\Documents\Work\3D Printer Linear Motor\BlueFin\sim_and_opt\bluefin.log
2025-08-12 18:24:19,635 - WARNING - New slot length is 1.4249694500220054
2025-08-12 18:24:19,821 - INFO - Successfully saved output to Results/force_random_search_results.json
2025-08-12 18:24:19,821 - INFO - Starting phase alignment for <model.motor.Tubular object at 0x0000021AA5E2FCB0>
2025-08-12 18:24:21,050 - CRITICAL - FEMM load failed (5 tries): error: Material properties have not been defined for all regions
2025-08-12 18:24:21,060 - WARNING - Simulation failed at offset 0.0000
2025-08-12 18:24:22,317 - CRITICAL - FEMM load failed (5 tries): error: Material properties have not been defined for all regions
2025-08-12 18:24:22,327 - WARNING - Simulation failed at offset 0.3142
2025-08-12 18:24:23,604 - CRITICAL - FEMM load failed (5 tries): error: Material properties have not been defined for all regions
2025-08-12 18:24:23,613 - WARNING - Simulation failed at offset 0.6283
2025-08-12 18:24:24,887 - CRITICAL - FEMM load failed (5 tries): error: Material properties have not been defined for all regions
2025-08-12 18:24:24,896 - WARNING - Simulation failed at offset 0.9425
2025-08-12 18:24:26,166 - CRITICAL - FEMM load failed (5 tries): error: Material properties have not been defined for all regions
2025-08-12 18:24:26,174 - WARNING - Simulation failed at offset 1.2566
2025-08-12 18:24:27,453 - CRITICAL - FEMM load failed (5 tries): error: Material properties have not been defined for all regions
2025-08-12 18:24:27,462 - WARNING - Simulation failed at offset 1.5708
2025-08-12 18:24:28,719 - CRITICAL - FEMM load failed (5 tries): error: Material properties have not been defined for all regions
2025-08-12 18:24:28,728 - WARNING - Simulation failed at offset 1.8850
2025-08-12 18:24:30,042 - CRITICAL - FEMM load failed (5 tries): error: Material properties have not been defined for all regions
2025-08-12 18:24:30,050 - WARNING - Simulation failed at offset 2.1991
2025-08-12 18:24:31,323 - CRITICAL - FEMM load failed (5 tries): error: Material properties have not been defined for all regions
2025-08-12 18:24:31,333 - WARNING - Simulation failed at offset 2.5133
2025-08-12 18:24:32,539 - CRITICAL - FEMM load failed (5 tries): error: Material properties have not been defined for all regions
2025-08-12 18:24:32,548 - WARNING - Simulation failed at offset 2.8274
2025-08-12 18:24:33,823 - CRITICAL - FEMM load failed (5 tries): error: Material properties have not been defined for all regions
2025-08-12 18:24:33,831 - WARNING - Simulation failed at offset 3.1416
2025-08-12 18:24:33,831 - INFO - Phase alignment completed for <model.motor.Tubular object at 0x0000021AA5E2FCB0>
2025-08-12 18:24:33,831 - INFO - Starting rotational analysis for <model.motor.Tubular object at 0x0000021AA5E2FCB0>
2025-08-12 18:24:35,069 - CRITICAL - FEMM load failed (5 tries): error: Material properties have not been defined for all regions
2025-08-12 18:24:36,361 - CRITICAL - FEMM load failed (5 tries): error: Material properties have not been defined for all regions
2025-08-12 18:24:37,690 - CRITICAL - FEMM load failed (5 tries): error: Material properties have not been defined for all regions
2025-08-12 18:24:38,996 - CRITICAL - FEMM load failed (5 tries): error: Material properties have not been defined for all regions
2025-08-12 18:24:40,321 - CRITICAL - FEMM load failed (5 tries): error: Material properties have not been defined for all regions
2025-08-12 18:24:41,596 - CRITICAL - FEMM load failed (5 tries): error: Material properties have not been defined for all regions
2025-08-12 18:24:42,896 - CRITICAL - FEMM load failed (5 tries): error: Material properties have not been defined for all regions
2025-08-12 18:24:44,211 - CRITICAL - FEMM load failed (5 tries): error: Material properties have not been defined for all regions
2025-08-12 18:24:45,553 - CRITICAL - FEMM load failed (5 tries): error: Material properties have not been defined for all regions
2025-08-12 18:24:46,838 - CRITICAL - FEMM load failed (5 tries): error: Material properties have not been defined for all regions
2025-08-12 18:24:48,172 - CRITICAL - FEMM load failed (5 tries): error: Material properties have not been defined for all regions
2025-08-12 18:24:48,183 - INFO - Rotational Analysis completed for <model.motor.Tubular object at 0x0000021AA5E2FCB0>
2025-08-12 18:24:48,184 - INFO - Successfully saved output to Results/force_random_search_results.json
2025-08-12 18:24:48,275 - WARNING - New slot length is 16.393399215656018
2025-08-12 18:24:48,452 - INFO - Successfully saved output to Results/force_random_search_results.json
2025-08-12 18:24:48,452 - INFO - Starting phase alignment for <model.motor.Tubular object at 0x0000021AA5EC1D10>
2025-08-12 18:25:04,844 - INFO - Phase alignment completed for <model.motor.Tubular object at 0x0000021AA5EC1D10>
2025-08-12 18:25:04,844 - INFO - Starting rotational analysis for <model.motor.Tubular object at 0x0000021AA5EC1D10>
2025-08-12 18:26:45,810 - INFO - Logging has been configured at C:\Users\WBowl\Documents\Work\3D Printer Linear Motor\BlueFin\sim_and_opt\bluefin.log
2025-08-12 18:26:46,015 - WARNING - compute_geometry: max iterations reached without full convergence
2025-08-12 18:26:46,015 - WARNING - Final slot_axial_length: 38752.305041750195
2025-08-12 18:26:46,202 - INFO - Successfully saved output to Results/force_random_search_results.json
2025-08-12 18:26:46,202 - INFO - Starting phase alignment for <model.motor.Tubular object at 0x000002C6538F3CB0>
2025-08-12 18:27:20,696 - INFO - Logging has been configured at C:\Users\WBowl\Documents\Work\3D Printer Linear Motor\BlueFin\sim_and_opt\bluefin.log
2025-08-12 18:27:20,899 - WARNING - compute_geometry: max iterations reached without full convergence
2025-08-12 18:27:20,899 - INFO - Adjusted slot_axial_length: 3.941676 after 20 iterations
2025-08-12 18:27:21,065 - INFO - Successfully saved output to Results/force_random_search_results.json
2025-08-12 18:27:21,065 - INFO - Starting phase alignment for <model.motor.Tubular object at 0x0000025A54D63CB0>
2025-08-12 18:27:36,628 - INFO - Phase alignment completed for <model.motor.Tubular object at 0x0000025A54D63CB0>
2025-08-12 18:27:36,629 - INFO - Starting rotational analysis for <model.motor.Tubular object at 0x0000025A54D63CB0>
2025-08-12 18:27:51,892 - INFO - Rotational Analysis completed for <model.motor.Tubular object at 0x0000025A54D63CB0>
2025-08-12 18:27:51,893 - INFO - Successfully saved output to Results/force_random_search_results.json
2025-08-12 18:27:51,983 - WARNING - compute_geometry: max iterations reached without full convergence
2025-08-12 18:27:51,983 - INFO - Adjusted slot_axial_length: 3.941668 after 20 iterations
2025-08-12 18:27:52,147 - INFO - Successfully saved output to Results/force_random_search_results.json
2025-08-12 18:27:52,147 - INFO - Starting phase alignment for <model.motor.Tubular object at 0x0000025A54DF5BD0>
2025-08-12 18:28:07,250 - INFO - Phase alignment completed for <model.motor.Tubular object at 0x0000025A54DF5BD0>
2025-08-12 18:28:07,250 - INFO - Starting rotational analysis for <model.motor.Tubular object at 0x0000025A54DF5BD0>
2025-08-12 18:28:21,765 - INFO - Rotational Analysis completed for <model.motor.Tubular object at 0x0000025A54DF5BD0>
2025-08-12 18:28:21,766 - INFO - Successfully saved output to Results/force_random_search_results.json
2025-08-12 18:28:21,859 - WARNING - compute_geometry: max iterations reached without full convergence
2025-08-12 18:28:21,860 - INFO - Adjusted slot_axial_length: 3.941680 after 20 iterations
2025-08-12 18:28:22,024 - INFO - Successfully saved output to Results/force_random_search_results.json
2025-08-12 18:28:22,024 - INFO - Starting phase alignment for <model.motor.Tubular object at 0x0000025A54DF5E50>
2025-08-12 18:29:26,373 - INFO - Logging has been configured at C:\Users\WBowl\Documents\Work\3D Printer Linear Motor\BlueFin\sim_and_opt\bluefin.log
2025-08-12 18:29:26,554 - WARNING - compute_geometry: max iterations reached without full convergence
2025-08-12 18:29:26,554 - INFO - Adjusted slot_axial_length: -1.197638 after 20 iterations
2025-08-12 18:29:26,554 - ERROR - All dimensions must be positive and non-zero.
2025-08-12 18:29:26,555 - CRITICAL - FEMM setup failed (axi): All dimensions must be positive and non-zero.
2025-08-12 18:30:37,511 - INFO - Logging has been configured at C:\Users\WBowl\Documents\Work\3D Printer Linear Motor\BlueFin\sim_and_opt\bluefin.log
2025-08-12 18:30:37,706 - INFO - Calculated slot_axial_length: -2.604513
2025-08-12 18:30:37,706 - ERROR - All dimensions must be positive and non-zero.
2025-08-12 18:30:37,706 - CRITICAL - FEMM setup failed (axi): All dimensions must be positive and non-zero.
2025-08-12 18:36:00,407 - INFO - Logging has been configured at C:\Users\WBowl\Documents\Work\3D Printer Linear Motor\BlueFin\sim_and_opt\bluefin.log
2025-08-12 18:36:00,603 - INFO - Calculated slot_axial_length: 3.916667
2025-08-12 18:36:00,785 - INFO - Successfully saved output to Results/force_random_search_results.json
2025-08-12 18:36:00,785 - INFO - Starting phase alignment for <model.motor.Tubular object at 0x0000017049F73CB0>
2025-08-12 18:36:18,402 - INFO - Phase alignment completed for <model.motor.Tubular object at 0x0000017049F73CB0>
2025-08-12 18:36:18,402 - INFO - Starting rotational analysis for <model.motor.Tubular object at 0x0000017049F73CB0>
2025-08-12 18:36:36,049 - INFO - Rotational Analysis completed for <model.motor.Tubular object at 0x0000017049F73CB0>
2025-08-12 18:36:36,050 - INFO - Successfully saved output to Results/force_random_search_results.json
2025-08-12 18:36:36,138 - INFO - Calculated slot_axial_length: 3.916667
2025-08-12 18:36:36,302 - INFO - Successfully saved output to Results/force_random_search_results.json
2025-08-12 18:36:36,302 - INFO - Starting phase alignment for <model.motor.Tubular object at 0x000001704A001D10>
2025-08-12 18:38:25,038 - INFO - Logging has been configured at C:\Users\WBowl\Documents\Work\3D Printer Linear Motor\BlueFin\sim_and_opt\bluefin.log
2025-08-12 18:38:25,228 - INFO - Calculated slot_axial_length: 3.916667
2025-08-12 18:38:25,383 - INFO - Successfully saved output to Results/force_random_search_results.json
2025-08-12 18:38:25,384 - INFO - Starting phase alignment for <model.motor.Tubular object at 0x000001DD8A8C3CB0>
2025-08-12 18:38:40,832 - INFO - Phase alignment completed for <model.motor.Tubular object at 0x000001DD8A8C3CB0>
2025-08-12 18:38:40,833 - INFO - Starting rotational analysis for <model.motor.Tubular object at 0x000001DD8A8C3CB0>
2025-08-12 18:38:55,798 - INFO - Rotational Analysis completed for <model.motor.Tubular object at 0x000001DD8A8C3CB0>
2025-08-12 18:38:55,799 - INFO - Successfully saved output to Results/force_random_search_results.json
2025-08-12 18:38:55,884 - INFO - Calculated slot_axial_length: 3.916667
2025-08-12 18:38:56,039 - INFO - Successfully saved output to Results/force_random_search_results.json
2025-08-12 18:38:56,040 - INFO - Starting phase alignment for <model.motor.Tubular object at 0x000001DD8A955BD0>
2025-08-12 18:39:12,825 - INFO - Phase alignment completed for <model.motor.Tubular object at 0x000001DD8A955BD0>
2025-08-12 18:39:12,825 - INFO - Starting rotational analysis for <model.motor.Tubular object at 0x000001DD8A955BD0>
2025-08-12 18:39:29,772 - INFO - Rotational Analysis completed for <model.motor.Tubular object at 0x000001DD8A955BD0>
2025-08-12 18:39:29,773 - INFO - Successfully saved output to Results/force_random_search_results.json
2025-08-12 18:39:29,871 - INFO - Calculated slot_axial_length: 3.916667
2025-08-12 18:39:30,032 - INFO - Successfully saved output to Results/force_random_search_results.json
2025-08-12 18:39:30,032 - INFO - Starting phase alignment for <model.motor.Tubular object at 0x000001DD8A955E50>
2025-08-12 18:39:45,431 - INFO - Phase alignment completed for <model.motor.Tubular object at 0x000001DD8A955E50>
2025-08-12 18:39:45,431 - INFO - Starting rotational analysis for <model.motor.Tubular object at 0x000001DD8A955E50>
2025-08-12 18:40:01,118 - INFO - Rotational Analysis completed for <model.motor.Tubular object at 0x000001DD8A955E50>
2025-08-12 18:40:01,118 - INFO - Successfully saved output to Results/force_random_search_results.json
2025-08-12 18:40:01,212 - INFO - Calculated slot_axial_length: 3.916667
2025-08-12 18:40:01,380 - INFO - Successfully saved output to Results/force_random_search_results.json
2025-08-12 18:40:01,380 - INFO - Starting phase alignment for <model.motor.Tubular object at 0x000001DD8A956490>
2025-08-12 18:40:17,057 - INFO - Phase alignment completed for <model.motor.Tubular object at 0x000001DD8A956490>
2025-08-12 18:40:17,057 - INFO - Starting rotational analysis for <model.motor.Tubular object at 0x000001DD8A956490>
2025-08-12 18:40:32,856 - INFO - Rotational Analysis completed for <model.motor.Tubular object at 0x000001DD8A956490>
2025-08-12 18:40:32,857 - INFO - Successfully saved output to Results/force_random_search_results.json
2025-08-12 18:40:32,953 - INFO - Calculated slot_axial_length: 3.916667
2025-08-12 18:40:33,116 - INFO - Successfully saved output to Results/force_random_search_results.json
2025-08-12 18:40:33,117 - INFO - Starting phase alignment for <model.motor.Tubular object at 0x000001DD8A955E50>
2025-08-12 18:40:48,425 - INFO - Phase alignment completed for <model.motor.Tubular object at 0x000001DD8A955E50>
2025-08-12 18:40:48,426 - INFO - Starting rotational analysis for <model.motor.Tubular object at 0x000001DD8A955E50>
2025-08-12 18:41:04,561 - INFO - Rotational Analysis completed for <model.motor.Tubular object at 0x000001DD8A955E50>
2025-08-12 18:41:04,562 - INFO - Successfully saved output to Results/force_random_search_results.json
2025-08-12 18:41:04,677 - INFO - Calculated slot_axial_length: 3.916667
2025-08-12 18:41:04,874 - INFO - Successfully saved output to Results/force_random_search_results.json
2025-08-12 18:41:04,874 - INFO - Starting phase alignment for <model.motor.Tubular object at 0x000001DD8A956490>
2025-08-12 18:41:22,305 - INFO - Phase alignment completed for <model.motor.Tubular object at 0x000001DD8A956490>
2025-08-12 18:41:22,305 - INFO - Starting rotational analysis for <model.motor.Tubular object at 0x000001DD8A956490>
2025-08-12 18:41:38,936 - INFO - Rotational Analysis completed for <model.motor.Tubular object at 0x000001DD8A956490>
2025-08-12 18:41:38,936 - INFO - Successfully saved output to Results/force_random_search_results.json
2025-08-12 18:41:39,033 - INFO - Calculated slot_axial_length: 3.916667
2025-08-12 18:41:39,203 - INFO - Successfully saved output to Results/force_random_search_results.json
2025-08-12 18:41:39,203 - INFO - Starting phase alignment for <model.motor.Tubular object at 0x000001DD8A955E50>
2025-08-12 18:41:54,743 - INFO - Phase alignment completed for <model.motor.Tubular object at 0x000001DD8A955E50>
2025-08-12 18:41:54,743 - INFO - Starting rotational analysis for <model.motor.Tubular object at 0x000001DD8A955E50>
2025-08-12 18:42:10,387 - INFO - Rotational Analysis completed for <model.motor.Tubular object at 0x000001DD8A955E50>
2025-08-12 18:42:10,388 - INFO - Successfully saved output to Results/force_random_search_results.json
2025-08-12 18:42:10,479 - INFO - Calculated slot_axial_length: 3.916667
2025-08-12 18:42:10,654 - INFO - Successfully saved output to Results/force_random_search_results.json
2025-08-12 18:42:10,654 - INFO - Starting phase alignment for <model.motor.Tubular object at 0x000001DD8A956490>
2025-08-12 18:42:27,801 - INFO - Phase alignment completed for <model.motor.Tubular object at 0x000001DD8A956490>
2025-08-12 18:42:27,801 - INFO - Starting rotational analysis for <model.motor.Tubular object at 0x000001DD8A956490>
2025-08-12 18:42:44,756 - INFO - Rotational Analysis completed for <model.motor.Tubular object at 0x000001DD8A956490>
2025-08-12 18:42:44,757 - INFO - Successfully saved output to Results/force_random_search_results.json
2025-08-12 18:42:44,861 - INFO - Calculated slot_axial_length: 3.916667
2025-08-12 18:42:45,037 - INFO - Successfully saved output to Results/force_random_search_results.json
2025-08-12 18:42:45,037 - INFO - Starting phase alignment for <model.motor.Tubular object at 0x000001DD8A955E50>
2025-08-12 18:43:00,134 - INFO - Phase alignment completed for <model.motor.Tubular object at 0x000001DD8A955E50>
2025-08-12 18:43:00,134 - INFO - Starting rotational analysis for <model.motor.Tubular object at 0x000001DD8A955E50>
2025-08-12 18:43:14,199 - INFO - Rotational Analysis completed for <model.motor.Tubular object at 0x000001DD8A955E50>
2025-08-12 18:43:14,200 - INFO - Successfully saved output to Results/force_random_search_results.json
2025-08-12 18:43:14,293 - INFO - Calculated slot_axial_length: 3.916667
2025-08-12 18:43:14,458 - INFO - Successfully saved output to Results/force_random_search_results.json
2025-08-12 18:43:14,458 - INFO - Starting phase alignment for <model.motor.Tubular object at 0x000001DD8A956490>
2025-08-12 18:43:30,072 - INFO - Phase alignment completed for <model.motor.Tubular object at 0x000001DD8A956490>
2025-08-12 18:43:30,072 - INFO - Starting rotational analysis for <model.motor.Tubular object at 0x000001DD8A956490>
2025-08-12 18:43:45,492 - INFO - Rotational Analysis completed for <model.motor.Tubular object at 0x000001DD8A956490>
2025-08-12 18:43:45,493 - INFO - Successfully saved output to Results/force_random_search_results.json
2025-08-12 18:43:45,581 - INFO - Calculated slot_axial_length: 3.916667
2025-08-12 18:43:45,744 - INFO - Successfully saved output to Results/force_random_search_results.json
2025-08-12 18:43:45,744 - INFO - Starting phase alignment for <model.motor.Tubular object at 0x000001DD8A955E50>
2025-08-12 18:44:01,219 - INFO - Phase alignment completed for <model.motor.Tubular object at 0x000001DD8A955E50>
2025-08-12 18:44:01,219 - INFO - Starting rotational analysis for <model.motor.Tubular object at 0x000001DD8A955E50>
2025-08-12 18:44:17,346 - INFO - Rotational Analysis completed for <model.motor.Tubular object at 0x000001DD8A955E50>
2025-08-12 18:44:17,347 - INFO - Successfully saved output to Results/force_random_search_results.json
2025-08-12 18:44:17,435 - INFO - Calculated slot_axial_length: 3.916667
2025-08-12 18:44:17,599 - INFO - Successfully saved output to Results/force_random_search_results.json
2025-08-12 18:44:17,600 - INFO - Starting phase alignment for <model.motor.Tubular object at 0x000001DD8A956490>
2025-08-12 18:44:34,026 - INFO - Phase alignment completed for <model.motor.Tubular object at 0x000001DD8A956490>
2025-08-12 18:44:34,026 - INFO - Starting rotational analysis for <model.motor.Tubular object at 0x000001DD8A956490>
2025-08-12 18:44:50,154 - INFO - Rotational Analysis completed for <model.motor.Tubular object at 0x000001DD8A956490>
2025-08-12 18:44:50,155 - INFO - Successfully saved output to Results/force_random_search_results.json
2025-08-12 18:44:50,239 - INFO - Calculated slot_axial_length: 3.916667
2025-08-12 18:44:50,402 - INFO - Successfully saved output to Results/force_random_search_results.json
2025-08-12 18:44:50,403 - INFO - Starting phase alignment for <model.motor.Tubular object at 0x000001DD8A955E50>
2025-08-12 18:45:06,623 - INFO - Phase alignment completed for <model.motor.Tubular object at 0x000001DD8A955E50>
2025-08-12 18:45:06,623 - INFO - Starting rotational analysis for <model.motor.Tubular object at 0x000001DD8A955E50>
2025-08-12 18:45:23,000 - INFO - Rotational Analysis completed for <model.motor.Tubular object at 0x000001DD8A955E50>
2025-08-12 18:45:23,001 - INFO - Successfully saved output to Results/force_random_search_results.json
2025-08-12 18:45:23,091 - INFO - Calculated slot_axial_length: 3.916667
2025-08-12 18:45:23,261 - INFO - Successfully saved output to Results/force_random_search_results.json
2025-08-12 18:45:23,262 - INFO - Starting phase alignment for <model.motor.Tubular object at 0x000001DD8A956490>
2025-08-12 18:45:38,428 - INFO - Phase alignment completed for <model.motor.Tubular object at 0x000001DD8A956490>
2025-08-12 18:45:38,429 - INFO - Starting rotational analysis for <model.motor.Tubular object at 0x000001DD8A956490>
2025-08-12 18:45:53,086 - INFO - Rotational Analysis completed for <model.motor.Tubular object at 0x000001DD8A956490>
2025-08-12 18:45:53,087 - INFO - Successfully saved output to Results/force_random_search_results.json
2025-08-12 18:45:53,176 - INFO - Calculated slot_axial_length: 3.916667
2025-08-12 18:45:53,338 - INFO - Successfully saved output to Results/force_random_search_results.json
2025-08-12 18:45:53,338 - INFO - Starting phase alignment for <model.motor.Tubular object at 0x000001DD8A955E50>
2025-08-12 18:46:09,537 - INFO - Phase alignment completed for <model.motor.Tubular object at 0x000001DD8A955E50>
2025-08-12 18:46:09,537 - INFO - Starting rotational analysis for <model.motor.Tubular object at 0x000001DD8A955E50>
2025-08-12 18:46:24,965 - INFO - Rotational Analysis completed for <model.motor.Tubular object at 0x000001DD8A955E50>
2025-08-12 18:46:24,966 - INFO - Successfully saved output to Results/force_random_search_results.json
2025-08-12 18:46:25,060 - INFO - Calculated slot_axial_length: 3.916667
2025-08-12 18:46:25,232 - INFO - Successfully saved output to Results/force_random_search_results.json
2025-08-12 18:46:25,232 - INFO - Starting phase alignment for <model.motor.Tubular object at 0x000001DD8A956490>
2025-08-12 18:46:41,800 - INFO - Phase alignment completed for <model.motor.Tubular object at 0x000001DD8A956490>
2025-08-12 18:46:41,800 - INFO - Starting rotational analysis for <model.motor.Tubular object at 0x000001DD8A956490>
2025-08-12 18:46:58,112 - INFO - Rotational Analysis completed for <model.motor.Tubular object at 0x000001DD8A956490>
2025-08-12 18:46:58,113 - INFO - Successfully saved output to Results/force_random_search_results.json
2025-08-12 18:46:58,210 - INFO - Calculated slot_axial_length: 3.916667
2025-08-12 18:46:58,375 - INFO - Successfully saved output to Results/force_random_search_results.json
2025-08-12 18:46:58,375 - INFO - Starting phase alignment for <model.motor.Tubular object at 0x000001DD8A955E50>
2025-08-12 18:47:15,243 - INFO - Phase alignment completed for <model.motor.Tubular object at 0x000001DD8A955E50>
2025-08-12 18:47:15,244 - INFO - Starting rotational analysis for <model.motor.Tubular object at 0x000001DD8A955E50>
2025-08-12 18:47:33,027 - INFO - Rotational Analysis completed for <model.motor.Tubular object at 0x000001DD8A955E50>
2025-08-12 18:47:33,028 - INFO - Successfully saved output to Results/force_random_search_results.json
2025-08-12 18:47:33,125 - INFO - Calculated slot_axial_length: 3.916667
2025-08-12 18:47:33,290 - INFO - Successfully saved output to Results/force_random_search_results.json
2025-08-12 18:47:33,291 - INFO - Starting phase alignment for <model.motor.Tubular object at 0x000001DD8A956490>
2025-08-12 18:47:49,790 - INFO - Phase alignment completed for <model.motor.Tubular object at 0x000001DD8A956490>
2025-08-12 18:47:49,790 - INFO - Starting rotational analysis for <model.motor.Tubular object at 0x000001DD8A956490>
2025-08-12 18:48:06,322 - INFO - Rotational Analysis completed for <model.motor.Tubular object at 0x000001DD8A956490>
2025-08-12 18:48:06,323 - INFO - Successfully saved output to Results/force_random_search_results.json
2025-08-12 18:48:06,418 - INFO - Calculated slot_axial_length: 3.916667
2025-08-12 18:48:06,580 - INFO - Successfully saved output to Results/force_random_search_results.json
2025-08-12 18:48:06,580 - INFO - Starting phase alignment for <model.motor.Tubular object at 0x000001DD8A955E50>
2025-08-12 18:48:21,624 - INFO - Phase alignment completed for <model.motor.Tubular object at 0x000001DD8A955E50>
2025-08-12 18:48:21,624 - INFO - Starting rotational analysis for <model.motor.Tubular object at 0x000001DD8A955E50>
2025-08-12 18:48:36,640 - INFO - Rotational Analysis completed for <model.motor.Tubular object at 0x000001DD8A955E50>
2025-08-12 18:48:36,641 - INFO - Successfully saved output to Results/force_random_search_results.json
2025-08-12 18:48:36,736 - INFO - Calculated slot_axial_length: 3.916667
2025-08-12 18:48:36,900 - INFO - Successfully saved output to Results/force_random_search_results.json
2025-08-12 18:48:36,901 - INFO - Starting phase alignment for <model.motor.Tubular object at 0x000001DD8A956490>
2025-08-12 18:48:54,259 - INFO - Phase alignment completed for <model.motor.Tubular object at 0x000001DD8A956490>
2025-08-12 18:48:54,259 - INFO - Starting rotational analysis for <model.motor.Tubular object at 0x000001DD8A956490>
2025-08-12 18:49:12,350 - INFO - Rotational Analysis completed for <model.motor.Tubular object at 0x000001DD8A956490>
2025-08-12 18:49:12,351 - INFO - Successfully saved output to Results/force_random_search_results.json
2025-08-12 18:49:12,464 - INFO - Calculated slot_axial_length: 3.916667
2025-08-12 18:49:12,654 - INFO - Successfully saved output to Results/force_random_search_results.json
2025-08-12 18:49:12,654 - INFO - Starting phase alignment for <model.motor.Tubular object at 0x000001DD8A955E50>
2025-08-12 18:49:30,869 - INFO - Phase alignment completed for <model.motor.Tubular object at 0x000001DD8A955E50>
2025-08-12 18:49:30,869 - INFO - Starting rotational analysis for <model.motor.Tubular object at 0x000001DD8A955E50>
2025-08-12 18:49:48,113 - INFO - Rotational Analysis completed for <model.motor.Tubular object at 0x000001DD8A955E50>
2025-08-12 18:49:48,114 - INFO - Successfully saved output to Results/force_random_search_results.json
2025-08-12 18:49:48,234 - INFO - Calculated slot_axial_length: 3.916667
2025-08-12 18:49:48,416 - INFO - Successfully saved output to Results/force_random_search_results.json
2025-08-12 18:49:48,416 - INFO - Starting phase alignment for <model.motor.Tubular object at 0x000001DD8A956490>
2025-08-12 18:50:04,414 - INFO - Phase alignment completed for <model.motor.Tubular object at 0x000001DD8A956490>
2025-08-12 18:50:04,414 - INFO - Starting rotational analysis for <model.motor.Tubular object at 0x000001DD8A956490>
2025-08-12 18:50:20,563 - INFO - Rotational Analysis completed for <model.motor.Tubular object at 0x000001DD8A956490>
2025-08-12 18:50:20,564 - INFO - Successfully saved output to Results/force_random_search_results.json
2025-08-12 18:50:20,689 - INFO - Calculated slot_axial_length: 3.916667
2025-08-12 18:50:20,865 - INFO - Successfully saved output to Results/force_random_search_results.json
2025-08-12 18:50:20,865 - INFO - Starting phase alignment for <model.motor.Tubular object at 0x000001DD8A955E50>
2025-08-12 18:50:36,962 - INFO - Phase alignment completed for <model.motor.Tubular object at 0x000001DD8A955E50>
2025-08-12 18:50:36,962 - INFO - Starting rotational analysis for <model.motor.Tubular object at 0x000001DD8A955E50>
2025-08-12 18:50:52,754 - INFO - Rotational Analysis completed for <model.motor.Tubular object at 0x000001DD8A955E50>
2025-08-12 18:50:52,755 - INFO - Successfully saved output to Results/force_random_search_results.json
2025-08-12 18:50:52,863 - INFO - Calculated slot_axial_length: 3.916667
2025-08-12 18:50:53,036 - INFO - Successfully saved output to Results/force_random_search_results.json
2025-08-12 18:50:53,036 - INFO - Starting phase alignment for <model.motor.Tubular object at 0x000001DD8A956490>
2025-08-12 18:51:08,137 - INFO - Phase alignment completed for <model.motor.Tubular object at 0x000001DD8A956490>
2025-08-12 18:51:08,137 - INFO - Starting rotational analysis for <model.motor.Tubular object at 0x000001DD8A956490>
2025-08-12 18:51:24,563 - INFO - Rotational Analysis completed for <model.motor.Tubular object at 0x000001DD8A956490>
2025-08-12 18:51:24,564 - INFO - Successfully saved output to Results/force_random_search_results.json
2025-08-12 18:51:24,696 - INFO - Calculated slot_axial_length: 3.916667
2025-08-12 18:51:24,941 - INFO - Successfully saved output to Results/force_random_search_results.json
2025-08-12 18:51:24,941 - INFO - Starting phase alignment for <model.motor.Tubular object at 0x000001DD8A955E50>
2025-08-12 18:51:40,416 - INFO - Phase alignment completed for <model.motor.Tubular object at 0x000001DD8A955E50>
2025-08-12 18:51:40,416 - INFO - Starting rotational analysis for <model.motor.Tubular object at 0x000001DD8A955E50>
2025-08-12 18:51:56,053 - INFO - Rotational Analysis completed for <model.motor.Tubular object at 0x000001DD8A955E50>
2025-08-12 18:51:56,054 - INFO - Successfully saved output to Results/force_random_search_results.json
2025-08-12 18:51:56,164 - INFO - Calculated slot_axial_length: 3.916667
2025-08-12 18:51:56,340 - INFO - Successfully saved output to Results/force_random_search_results.json
2025-08-12 18:51:56,340 - INFO - Starting phase alignment for <model.motor.Tubular object at 0x000001DD8A956490>
2025-08-12 18:52:12,576 - INFO - Phase alignment completed for <model.motor.Tubular object at 0x000001DD8A956490>
2025-08-12 18:52:12,576 - INFO - Starting rotational analysis for <model.motor.Tubular object at 0x000001DD8A956490>
2025-08-12 18:52:28,957 - INFO - Rotational Analysis completed for <model.motor.Tubular object at 0x000001DD8A956490>
2025-08-12 18:52:28,958 - INFO - Successfully saved output to Results/force_random_search_results.json
2025-08-12 18:52:29,099 - INFO - Calculated slot_axial_length: 3.916667
2025-08-12 18:52:29,286 - INFO - Successfully saved output to Results/force_random_search_results.json
2025-08-12 18:52:29,286 - INFO - Starting phase alignment for <model.motor.Tubular object at 0x000001DD8A955E50>
2025-08-12 18:52:45,033 - INFO - Phase alignment completed for <model.motor.Tubular object at 0x000001DD8A955E50>
2025-08-12 18:52:45,033 - INFO - Starting rotational analysis for <model.motor.Tubular object at 0x000001DD8A955E50>
